[2026-03-25T05:26:42.308Z] GET http://localhost:8080/ → 200 (8ms, 577B)
[2026-03-25T05:26:42.319Z] GET http://localhost:8080/assets/index-B3Ey0dtP.js → 200 (8ms, 120885B)
[2026-03-25T05:26:42.320Z] GET http://localhost:8080/assets/QueryClientProvider-CYQN9kDF.js → 200 (50ms, 487025B)
[2026-03-25T05:26:42.320Z] GET http://localhost:8080/assets/index-yfjh0RY7.css → 200 (5ms, 5824B)
[2026-03-25T05:26:42.325Z] GET https://fonts.googleapis.com/css2?family=JetBrains+Mono:wght@400;500;600&family=Outfit:wght@300;400;500;600;700&family=Noto+Serif+SC:wght@400;600;700&display=swap → 200 (412ms, 349791B)
[2026-03-25T05:26:42.977Z] GET https://fonts.gstatic.com/s/outfit/v15/QGYvz_MVcBeNP4NJtEtq.woff2 → pending (?ms, ?B)
[2026-03-25T05:26:42.983Z] GET http://localhost:8080/assets/Documents-ucuu6Huq.js → 200 (18ms, 279775B)
[2026-03-25T05:26:42.983Z] GET http://localhost:8080/assets/hooks-BZ6gZuFU.js → 200 (16ms, 194002B)
[2026-03-25T05:26:42.983Z] GET http://localhost:8080/assets/InboxOutlined-AYFCzsst.js → 200 (8ms, 11956B)
[2026-03-25T05:26:42.983Z] GET http://localhost:8080/assets/spin-BSNMq-LT.js → 200 (8ms, 7735B)
[2026-03-25T05:26:42.983Z] GET http://localhost:8080/assets/Documents-DC_cVAPH.css → 200 (7ms, 3838B)
[2026-03-25T05:26:43.301Z] GET http://localhost:8080/api/documents?keyword=&page=1&page_size=20 → 200 (9ms, 1151B)
[2026-03-25T05:26:43.411Z] GET https://fonts.gstatic.com/s/jetbrainsmono/v24/tDbv2o-flEEny0FZhsfKu5WU4zr3E_BX0PnT8RD8yKwBNntkaToggR7BYRbKPxDcwg.woff2 → 200 (101ms, 31432B)
[2026-03-25T05:27:51.982Z] GET http://localhost:8080/api/documents?keyword=letter&page=1&page_size=20 → 200 (13ms, 262B)
[2026-03-25T05:28:13.747Z] GET http://localhost:8080/api/documents?keyword=&page=1&page_size=20 → 200 (4ms, 1151B)
[2026-03-25T05:29:09.125Z] GET http://localhost:8080/assets/Chat-7xL4I6of.js → 200 (13ms, 154051B)
[2026-03-25T05:29:09.125Z] GET http://localhost:8080/assets/ApiOutlined-2tFXlTcL.js → 200 (7ms, 2181B)
[2026-03-25T05:29:09.125Z] GET http://localhost:8080/assets/Chat-CIMxpOBo.css → 200 (6ms, 10907B)
[2026-03-25T05:29:09.177Z] GET http://localhost:8080/api/documents → 200 (92ms, 1151B)
[2026-03-25T05:29:09.177Z] GET http://localhost:8080/api/chat/sessions → 200 (10ms, 930B)
[2026-03-25T05:29:09.177Z] GET http://localhost:8080/api/providers → 200 (88ms, 462B)
[2026-03-25T05:29:09.265Z] GET http://localhost:8080/api/chat/sessions/s-4c67f5f62c4f/messages → 200 (5ms, 7021B)
[2026-03-25T05:31:40.255Z] POST http://localhost:8080/api/chat/sessions/s-4c67f5f62c4f/messages → pending (?ms, ?B)
[2026-03-25T05:31:48.025Z] GET http://localhost:8080/api/chat/sessions/s-4c67f5f62c4f/messages → 200 (2ms, 10179B)
[2026-03-25T05:33:33.883Z] GET http://localhost:8080/assets/Settings-CwCRYnip.js → 200 (12ms, 70487B)
[2026-03-25T05:33:33.883Z] GET http://localhost:8080/assets/Settings-fvei4ZMx.css → 200 (8ms, 5187B)
[2026-03-25T05:33:33.915Z] GET http://localhost:8080/api/providers → 200 (21ms, 462B)
[2026-03-25T05:35:10.577Z] GET http://localhost:8080/documents → 200 (6ms, 577B)
[2026-03-25T05:35:10.591Z] GET http://localhost:8080/assets/index-B3Ey0dtP.js → 200 (7ms, 120885B)
[2026-03-25T05:35:10.592Z] GET http://localhost:8080/assets/QueryClientProvider-CYQN9kDF.js → 200 (23ms, 487025B)
[2026-03-25T05:35:10.592Z] GET http://localhost:8080/assets/index-yfjh0RY7.css → 200 (?ms, 5824B)
[2026-03-25T05:35:10.597Z] GET https://fonts.googleapis.com/css2?family=JetBrains+Mono:wght@400;500;600&family=Outfit:wght@300;400;500;600;700&family=Noto+Serif+SC:wght@400;600;700&display=swap → 200 (?ms, 349791B)
[2026-03-25T05:35:10.602Z] GET https://fonts.gstatic.com/s/jetbrainsmono/v24/tDbv2o-flEEny0FZhsfKu5WU4zr3E_BX0PnT8RD8yKwBNntkaToggR7BYRbKPxDcwg.woff2 → 200 (?ms, ?B)
[2026-03-25T05:35:10.604Z] GET https://fonts.gstatic.com/s/outfit/v15/QGYvz_MVcBeNP4NJtEtq.woff2 → 200 (?ms, ?B)
[2026-03-25T05:35:10.673Z] GET http://localhost:8080/assets/Documents-ucuu6Huq.js → 200 (9ms, 279775B)
[2026-03-25T05:35:10.673Z] GET http://localhost:8080/assets/hooks-BZ6gZuFU.js → 200 (6ms, 194002B)
[2026-03-25T05:35:10.673Z] GET http://localhost:8080/assets/InboxOutlined-AYFCzsst.js → 200 (5ms, 11956B)
[2026-03-25T05:35:10.673Z] GET http://localhost:8080/assets/spin-BSNMq-LT.js → 200 (4ms, 7735B)
[2026-03-25T05:35:10.673Z] GET http://localhost:8080/assets/Documents-DC_cVAPH.css → 200 (?ms, 3838B)
[2026-03-25T05:35:10.980Z] GET http://localhost:8080/api/documents?keyword=&page=1&page_size=20 → 200 (8ms, 1151B)
[2026-03-25T05:35:30.997Z] GET http://localhost:8080/chat → 200 (3ms, 577B)
[2026-03-25T05:35:31.003Z] GET http://localhost:8080/assets/index-B3Ey0dtP.js → 200 (1ms, 120885B)
[2026-03-25T05:35:31.004Z] GET http://localhost:8080/assets/QueryClientProvider-CYQN9kDF.js → 200 (?ms, 487025B)
[2026-03-25T05:35:31.004Z] GET http://localhost:8080/assets/index-yfjh0RY7.css → 200 (1ms, 5824B)
[2026-03-25T05:35:31.006Z] GET https://fonts.googleapis.com/css2?family=JetBrains+Mono:wght@400;500;600&family=Outfit:wght@300;400;500;600;700&family=Noto+Serif+SC:wght@400;600;700&display=swap → 200 (?ms, 349791B)
[2026-03-25T05:35:31.010Z] GET https://fonts.gstatic.com/s/jetbrainsmono/v24/tDbv2o-flEEny0FZhsfKu5WU4zr3E_BX0PnT8RD8yKwBNntkaToggR7BYRbKPxDcwg.woff2 → 200 (1ms, ?B)
[2026-03-25T05:35:31.011Z] GET https://fonts.gstatic.com/s/outfit/v15/QGYvz_MVcBeNP4NJtEtq.woff2 → 200 (?ms, ?B)
[2026-03-25T05:35:31.059Z] GET http://localhost:8080/assets/Chat-7xL4I6of.js → 200 (4ms, 154051B)
[2026-03-25T05:35:31.059Z] GET http://localhost:8080/assets/ApiOutlined-2tFXlTcL.js → 200 (4ms, 2181B)
[2026-03-25T05:35:31.059Z] GET http://localhost:8080/assets/hooks-BZ6gZuFU.js → 200 (?ms, 194002B)
[2026-03-25T05:35:31.060Z] GET http://localhost:8080/assets/InboxOutlined-AYFCzsst.js → 200 (?ms, 11956B)
[2026-03-25T05:35:31.060Z] GET http://localhost:8080/assets/Chat-CIMxpOBo.css → 200 (?ms, 10907B)
[2026-03-25T05:35:31.362Z] GET http://localhost:8080/api/documents → 200 (15ms, 1151B)
[2026-03-25T05:35:31.363Z] GET http://localhost:8080/api/chat/sessions → 200 (17ms, 930B)
[2026-03-25T05:35:31.363Z] GET http://localhost:8080/api/providers → 200 (18ms, 462B)
[2026-03-25T05:35:31.406Z] GET http://localhost:8080/api/chat/sessions/s-4c67f5f62c4f/messages → 200 (4ms, 9837B)
[2026-03-25T05:35:58.093Z] GET http://localhost:8080/chat → 200 (2ms, 577B)
[2026-03-25T05:35:58.099Z] GET http://localhost:8080/assets/index-B3Ey0dtP.js → 200 (?ms, 120885B)
[2026-03-25T05:35:58.099Z] GET http://localhost:8080/assets/QueryClientProvider-CYQN9kDF.js → 200 (?ms, 487025B)
[2026-03-25T05:35:58.100Z] GET http://localhost:8080/assets/index-yfjh0RY7.css → 200 (?ms, 5824B)
[2026-03-25T05:35:58.101Z] GET https://fonts.googleapis.com/css2?family=JetBrains+Mono:wght@400;500;600&family=Outfit:wght@300;400;500;600;700&family=Noto+Serif+SC:wght@400;600;700&display=swap → 200 (?ms, 349791B)
[2026-03-25T05:35:58.110Z] GET https://fonts.gstatic.com/s/jetbrainsmono/v24/tDbv2o-flEEny0FZhsfKu5WU4zr3E_BX0PnT8RD8yKwBNntkaToggR7BYRbKPxDcwg.woff2 → 200 (?ms, ?B)
[2026-03-25T05:35:58.110Z] GET https://fonts.gstatic.com/s/outfit/v15/QGYvz_MVcBeNP4NJtEtq.woff2 → 200 (?ms, ?B)
[2026-03-25T05:35:58.139Z] GET http://localhost:8080/assets/Chat-7xL4I6of.js → 200 (?ms, 154051B)
[2026-03-25T05:35:58.139Z] GET http://localhost:8080/assets/ApiOutlined-2tFXlTcL.js → 200 (?ms, 2181B)
[2026-03-25T05:35:58.139Z] GET http://localhost:8080/assets/hooks-BZ6gZuFU.js → 200 (?ms, 194002B)
[2026-03-25T05:35:58.140Z] GET http://localhost:8080/assets/InboxOutlined-AYFCzsst.js → 200 (?ms, 11956B)
[2026-03-25T05:35:58.140Z] GET http://localhost:8080/assets/Chat-CIMxpOBo.css → 200 (?ms, 10907B)
[2026-03-25T05:35:58.444Z] GET http://localhost:8080/api/documents → 200 (12ms, 1151B)
[2026-03-25T05:35:58.444Z] GET http://localhost:8080/api/chat/sessions → 200 (15ms, 930B)
[2026-03-25T05:35:58.444Z] GET http://localhost:8080/api/providers → 200 (10ms, 462B)
[2026-03-25T05:35:58.483Z] GET http://localhost:8080/api/chat/sessions/s-4c67f5f62c4f/messages → 200 (3ms, 9837B)
[2026-03-25T05:43:19.770Z] GET http://localhost:8080/chat → 200 (5ms, 577B)
[2026-03-25T05:43:19.783Z] GET http://localhost:8080/assets/index-B3Ey0dtP.js → 200 (?ms, 120885B)
[2026-03-25T05:43:19.784Z] GET http://localhost:8080/assets/QueryClientProvider-CYQN9kDF.js → 200 (?ms, 487025B)
[2026-03-25T05:43:19.785Z] GET http://localhost:8080/assets/index-yfjh0RY7.css → 200 (?ms, 5824B)
[2026-03-25T05:43:19.787Z] GET https://fonts.googleapis.com/css2?family=JetBrains+Mono:wght@400;500;600&family=Outfit:wght@300;400;500;600;700&family=Noto+Serif+SC:wght@400;600;700&display=swap → 200 (1ms, 349791B)
[2026-03-25T05:43:19.794Z] GET https://fonts.gstatic.com/s/jetbrainsmono/v24/tDbv2o-flEEny0FZhsfKu5WU4zr3E_BX0PnT8RD8yKwBNntkaToggR7BYRbKPxDcwg.woff2 → 200 (?ms, ?B)
[2026-03-25T05:43:19.795Z] GET https://fonts.gstatic.com/s/outfit/v15/QGYvz_MVcBeNP4NJtEtq.woff2 → 200 (1ms, ?B)
[2026-03-25T05:43:19.855Z] GET http://localhost:8080/assets/Chat-7xL4I6of.js → 200 (?ms, 154051B)
[2026-03-25T05:43:19.855Z] GET http://localhost:8080/assets/ApiOutlined-2tFXlTcL.js → 200 (?ms, 2181B)
[2026-03-25T05:43:19.857Z] GET http://localhost:8080/assets/hooks-BZ6gZuFU.js → 200 (?ms, 194002B)
[2026-03-25T05:43:19.857Z] GET http://localhost:8080/assets/InboxOutlined-AYFCzsst.js → 200 (?ms, 11956B)
[2026-03-25T05:43:19.857Z] GET http://localhost:8080/assets/Chat-CIMxpOBo.css → 200 (?ms, 10907B)
[2026-03-25T05:43:20.161Z] GET http://localhost:8080/api/documents → 200 (57ms, 1151B)
[2026-03-25T05:43:20.161Z] GET http://localhost:8080/api/chat/sessions → 200 (15ms, 930B)
[2026-03-25T05:43:20.162Z] GET http://localhost:8080/api/providers → 200 (55ms, 462B)
[2026-03-25T05:43:20.216Z] GET http://localhost:8080/api/chat/sessions/s-4c67f5f62c4f/messages → 200 (6ms, 9837B)
[2026-03-25T05:44:43.273Z] GET http://localhost:8080/chat → 200 (1ms, 577B)
[2026-03-25T05:44:43.278Z] GET http://localhost:8080/assets/index-B3Ey0dtP.js → 200 (1ms, 120885B)
[2026-03-25T05:44:43.279Z] GET http://localhost:8080/assets/QueryClientProvider-CYQN9kDF.js → 200 (?ms, 487025B)
[2026-03-25T05:44:43.279Z] GET http://localhost:8080/assets/index-yfjh0RY7.css → 200 (?ms, 5824B)
[2026-03-25T05:44:43.281Z] GET https://fonts.googleapis.com/css2?family=JetBrains+Mono:wght@400;500;600&family=Outfit:wght@300;400;500;600;700&family=Noto+Serif+SC:wght@400;600;700&display=swap → 200 (?ms, 349791B)
[2026-03-25T05:44:43.287Z] GET https://fonts.gstatic.com/s/jetbrainsmono/v24/tDbv2o-flEEny0FZhsfKu5WU4zr3E_BX0PnT8RD8yKwBNntkaToggR7BYRbKPxDcwg.woff2 → 200 (1ms, ?B)
[2026-03-25T05:44:43.288Z] GET https://fonts.gstatic.com/s/outfit/v15/QGYvz_MVcBeNP4NJtEtq.woff2 → 200 (?ms, ?B)
[2026-03-25T05:44:43.321Z] GET http://localhost:8080/assets/Chat-7xL4I6of.js → 200 (?ms, 154051B)
[2026-03-25T05:44:43.322Z] GET http://localhost:8080/assets/ApiOutlined-2tFXlTcL.js → 200 (?ms, 2181B)
[2026-03-25T05:44:43.322Z] GET http://localhost:8080/assets/hooks-BZ6gZuFU.js → 200 (?ms, 194002B)
[2026-03-25T05:44:43.323Z] GET http://localhost:8080/assets/InboxOutlined-AYFCzsst.js → 200 (?ms, 11956B)
[2026-03-25T05:44:43.323Z] GET http://localhost:8080/assets/Chat-CIMxpOBo.css → 200 (?ms, 10907B)
[2026-03-25T05:44:43.638Z] GET http://localhost:8080/api/documents → 200 (52ms, 1151B)
[2026-03-25T05:44:43.638Z] GET http://localhost:8080/api/chat/sessions → 200 (27ms, 930B)
[2026-03-25T05:44:43.638Z] GET http://localhost:8080/api/providers → 200 (24ms, 462B)
[2026-03-25T05:44:43.688Z] GET http://localhost:8080/api/chat/sessions/s-4c67f5f62c4f/messages → 200 (9ms, 9837B)
[2026-03-25T05:45:48.626Z] GET http://localhost:8080/chat → 200 (2ms, 577B)
[2026-03-25T05:45:48.632Z] GET http://localhost:8080/assets/index-B3Ey0dtP.js → 200 (?ms, 120885B)
[2026-03-25T05:45:48.633Z] GET http://localhost:8080/assets/QueryClientProvider-CYQN9kDF.js → 200 (?ms, 487025B)
[2026-03-25T05:45:48.633Z] GET http://localhost:8080/assets/index-yfjh0RY7.css → 200 (?ms, 5824B)
[2026-03-25T05:45:48.635Z] GET https://fonts.googleapis.com/css2?family=JetBrains+Mono:wght@400;500;600&family=Outfit:wght@300;400;500;600;700&family=Noto+Serif+SC:wght@400;600;700&display=swap → 200 (?ms, 349791B)
[2026-03-25T05:45:48.639Z] GET https://fonts.gstatic.com/s/jetbrainsmono/v24/tDbv2o-flEEny0FZhsfKu5WU4zr3E_BX0PnT8RD8yKwBNntkaToggR7BYRbKPxDcwg.woff2 → 200 (?ms, ?B)
[2026-03-25T05:45:48.639Z] GET https://fonts.gstatic.com/s/outfit/v15/QGYvz_MVcBeNP4NJtEtq.woff2 → 200 (?ms, ?B)
[2026-03-25T05:45:48.673Z] GET http://localhost:8080/assets/Chat-7xL4I6of.js → 200 (?ms, 154051B)
[2026-03-25T05:45:48.673Z] GET http://localhost:8080/assets/ApiOutlined-2tFXlTcL.js → 200 (1ms, 2181B)
[2026-03-25T05:45:48.674Z] GET http://localhost:8080/assets/hooks-BZ6gZuFU.js → 200 (?ms, 194002B)
[2026-03-25T05:45:48.674Z] GET http://localhost:8080/assets/InboxOutlined-AYFCzsst.js → 200 (?ms, 11956B)
[2026-03-25T05:45:48.674Z] GET http://localhost:8080/assets/Chat-CIMxpOBo.css → 200 (1ms, 10907B)
[2026-03-25T05:45:48.988Z] GET http://localhost:8080/api/documents → 200 (34ms, 1151B)
[2026-03-25T05:45:48.988Z] GET http://localhost:8080/api/chat/sessions → 200 (13ms, 930B)
[2026-03-25T05:45:48.988Z] GET http://localhost:8080/api/providers → 200 (13ms, 462B)
[2026-03-25T05:45:49.021Z] GET http://localhost:8080/api/chat/sessions/s-4c67f5f62c4f/messages → 200 (6ms, 9837B)
[2026-03-25T05:51:53.493Z] GET http://localhost:5173/chat → 200 (322ms, 979B)
[2026-03-25T05:51:53.820Z] GET http://localhost:5173/@vite/client → 200 (64ms, 204713B)
[2026-03-25T05:51:53.820Z] GET https://fonts.googleapis.com/css2?family=JetBrains+Mono:wght@400;500;600&family=Outfit:wght@300;400;500;600;700&family=Noto+Serif+SC:wght@400;600;700&display=swap → 200 (13ms, 349791B)
[2026-03-25T05:51:53.820Z] GET http://localhost:5173/src/main.tsx → 200 (68ms, 6153B)
[2026-03-25T05:51:53.821Z] GET http://localhost:5173/@react-refresh → 200 (72ms, 111894B)
[2026-03-25T05:51:53.884Z] GET http://localhost:5173/node_modules/.pnpm/vite@8.0.2_@types+node@24.12.0/node_modules/vite/dist/client/env.mjs → 200 (18ms, 3478B)
[2026-03-25T05:51:53.889Z] GET http://localhost:5173/node_modules/.vite/deps/react.js?v=4499d2cb → 200 (22ms, 38367B)
[2026-03-25T05:51:53.892Z] GET http://localhost:5173/node_modules/.vite/deps/react-dom_client.js?v=4499d2cb → 200 (20ms, 790B)
[2026-03-25T05:51:53.892Z] GET http://localhost:5173/node_modules/.vite/deps/antd.js?v=4499d2cb → 200 (214ms, 9764552B)
[2026-03-25T05:51:53.892Z] GET http://localhost:5173/node_modules/.vite/deps/@tanstack_react-query.js?v=4499d2cb → 200 (144ms, 100059B)
[2026-03-25T05:51:53.892Z] GET http://localhost:5173/node_modules/.vite/deps/antd_locale_zh_CN.js?v=4499d2cb → 200 (144ms, 10939B)
[2026-03-25T05:51:53.892Z] GET http://localhost:5173/src/theme/tokens.ts → 200 (145ms, 11622B)
[2026-03-25T05:51:53.892Z] GET http://localhost:5173/src/stores/themeStore.ts → 200 (148ms, 3010B)
[2026-03-25T05:51:53.892Z] GET http://localhost:5173/src/App.tsx → 200 (150ms, 8383B)
[2026-03-25T05:51:53.892Z] GET http://localhost:5173/src/global.css → 200 (151ms, 5892B)
[2026-03-25T05:51:53.892Z] GET http://localhost:5173/node_modules/.vite/deps/react_jsx-dev-runtime.js?v=4499d2cb → 200 (154ms, 10637B)
[2026-03-25T05:51:53.912Z] GET http://localhost:5173/node_modules/.vite/deps/chunk-BoAXSpZd.js?v=4499d2cb → 200 (134ms, 7521B)
[2026-03-25T05:51:53.912Z] GET http://localhost:5173/node_modules/.vite/deps/client-DNi2f_-5.js?v=4499d2cb → 200 (158ms, 821150B)
[2026-03-25T05:51:54.037Z] GET http://localhost:5173/node_modules/.vite/deps/react_jsx-runtime.js?v=4499d2cb → 200 (18ms, 10947B)
[2026-03-25T05:51:54.040Z] GET http://localhost:5173/node_modules/.vite/deps/zustand.js?v=4499d2cb → 200 (16ms, 2149B)
[2026-03-25T05:51:54.043Z] GET http://localhost:5173/node_modules/.vite/deps/react-router-dom.js?v=4499d2cb → 200 (28ms, 390895B)
[2026-03-25T05:51:54.043Z] GET http://localhost:5173/src/layouts/AppLayout.tsx → 200 (15ms, 11725B)
[2026-03-25T05:51:54.059Z] GET http://localhost:5173/node_modules/.vite/deps/@ant-design_icons.js?v=4499d2cb → 200 (48ms, 2427008B)
[2026-03-25T05:51:54.059Z] GET http://localhost:5173/src/layouts/AppLayout.module.css → 200 (13ms, 4580B)
[2026-03-25T05:51:54.071Z] GET http://localhost:5173/node_modules/.vite/deps/react-dom.js?v=4499d2cb → 200 (30ms, 14728B)
[2026-03-25T05:51:54.108Z] GET http://localhost:5173/node_modules/.vite/deps/ref-onVvw9YY.js?v=4499d2cb → 200 (229ms, ?B)
[2026-03-25T05:51:54.506Z] GET http://localhost:5173/src/pages/Chat/index.tsx → 200 (11ms, 103181B)
[2026-03-25T05:51:54.515Z] GET https://fonts.gstatic.com/s/outfit/v15/QGYvz_MVcBeNP4NJtEtq.woff2 → 200 (6ms, 32292B)
[2026-03-25T05:51:54.521Z] GET http://localhost:5173/node_modules/.vite/deps/react-markdown.js?v=4499d2cb → 200 (86ms, 466015B)
[2026-03-25T05:51:54.521Z] GET http://localhost:5173/node_modules/.vite/deps/rehype-sanitize.js?v=4499d2cb → 200 (25ms, 20175B)
[2026-03-25T05:51:54.521Z] GET http://localhost:5173/src/hooks/index.ts → 200 (22ms, 1299B)
[2026-03-25T05:51:54.521Z] GET http://localhost:5173/src/services/index.ts → 200 (23ms, 1237B)
[2026-03-25T05:51:54.521Z] GET http://localhost:5173/src/stores/index.ts → 200 (20ms, 300B)
[2026-03-25T05:51:54.521Z] GET http://localhost:5173/src/pages/Chat/Chat.module.css → 200 (18ms, 22247B)
[2026-03-25T05:51:54.541Z] GET http://localhost:5173/src/stores/chatStore.ts → 200 (10ms, 8968B)
[2026-03-25T05:51:54.543Z] GET http://localhost:5173/src/hooks/useDocuments.ts → 200 (13ms, 4294B)
[2026-03-25T05:51:54.543Z] GET http://localhost:5173/src/hooks/useSessions.ts → 200 (14ms, 4195B)
[2026-03-25T05:51:54.543Z] GET http://localhost:5173/src/hooks/useProviders.ts → 200 (12ms, 6986B)
[2026-03-25T05:51:54.544Z] GET http://localhost:5173/src/services/documents.ts → 200 (10ms, 2561B)
[2026-03-25T05:51:54.545Z] GET http://localhost:5173/src/services/chat.ts → 200 (10ms, 4613B)
[2026-03-25T05:51:54.545Z] GET http://localhost:5173/src/services/providers.ts → 200 (12ms, 3803B)
[2026-03-25T05:51:54.547Z] GET http://localhost:5173/node_modules/.vite/deps/esm-w7aaEfu9.js?v=4499d2cb → 200 (28ms, 8383B)
[2026-03-25T05:51:54.554Z] GET http://localhost:5173/src/services/api.ts → 200 (5ms, 8746B)
[2026-03-25T05:51:54.560Z] GET http://localhost:5173/node_modules/.vite/deps/axios.js?v=4499d2cb → 200 (48ms, 97054B)
[2026-03-25T05:51:54.818Z] GET http://localhost:5173/api/documents → 200 (114ms, 1151B)
[2026-03-25T05:51:54.818Z] GET http://localhost:5173/api/chat/sessions → 200 (30ms, 930B)
[2026-03-25T05:51:54.819Z] GET http://localhost:5173/api/providers → 200 (28ms, 462B)
[2026-03-25T05:51:54.928Z] GET http://localhost:5173/api/chat/sessions/s-4c67f5f62c4f/messages → 200 (6ms, 9837B)
[2026-03-25T05:51:54.928Z] GET https://fonts.gstatic.com/s/jetbrainsmono/v24/tDbv2o-flEEny0FZhsfKu5WU4zr3E_BX0PnT8RD8yKwBNntkaToggR7BYRbKPxDcwg.woff2 → 200 (1ms, 31432B)
[2026-03-25T05:52:38.450Z] GET http://localhost:5173/documents → pending (?ms, ?B)
[2026-03-25T05:52:38.779Z] GET http://localhost:5173/@vite/client → 200 (11ms, 204713B)
[2026-03-25T05:52:38.780Z] GET https://fonts.googleapis.com/css2?family=JetBrains+Mono:wght@400;500;600&family=Outfit:wght@300;400;500;600;700&family=Noto+Serif+SC:wght@400;600;700&display=swap → 200 (?ms, 349791B)
[2026-03-25T05:52:38.781Z] GET http://localhost:5173/src/main.tsx → 200 (8ms, 6153B)
[2026-03-25T05:52:38.782Z] GET http://localhost:5173/@react-refresh → 200 (8ms, 111894B)
[2026-03-25T05:52:38.785Z] GET https://fonts.gstatic.com/s/jetbrainsmono/v24/tDbv2o-flEEny0FZhsfKu5WU4zr3E_BX0PnT8RD8yKwBNntkaToggR7BYRbKPxDcwg.woff2 → 200 (?ms, ?B)
[2026-03-25T05:52:38.785Z] GET https://fonts.gstatic.com/s/outfit/v15/QGYvz_MVcBeNP4NJtEtq.woff2 → 200 (1ms, ?B)
[2026-03-25T05:52:38.790Z] GET http://localhost:5173/node_modules/.vite/deps/react.js?v=4499d2cb → 200 (?ms, 38367B)
[2026-03-25T05:52:38.791Z] GET http://localhost:5173/node_modules/.vite/deps/react-dom_client.js?v=4499d2cb → 200 (?ms, 790B)
[2026-03-25T05:52:38.791Z] GET http://localhost:5173/node_modules/.vite/deps/antd.js?v=4499d2cb → 200 (215ms, 9764552B)
[2026-03-25T05:52:38.791Z] GET http://localhost:5173/node_modules/.vite/deps/@tanstack_react-query.js?v=4499d2cb → 200 (?ms, 100059B)
[2026-03-25T05:52:38.794Z] GET http://localhost:5173/node_modules/.vite/deps/antd_locale_zh_CN.js?v=4499d2cb → 200 (?ms, 10939B)
[2026-03-25T05:52:38.794Z] GET http://localhost:5173/src/theme/tokens.ts → 200 (155ms, 11622B)
[2026-03-25T05:52:38.794Z] GET http://localhost:5173/src/stores/themeStore.ts → 200 (156ms, 3010B)
[2026-03-25T05:52:38.794Z] GET http://localhost:5173/src/App.tsx → 200 (160ms, 8383B)
[2026-03-25T05:52:38.794Z] GET http://localhost:5173/src/global.css → 200 (162ms, 5892B)
[2026-03-25T05:52:38.794Z] GET http://localhost:5173/node_modules/.vite/deps/react_jsx-dev-runtime.js?v=4499d2cb → 200 (?ms, 10637B)
[2026-03-25T05:52:38.794Z] GET http://localhost:5173/node_modules/.pnpm/vite@8.0.2_@types+node@24.12.0/node_modules/vite/dist/client/env.mjs → 200 (163ms, 3478B)
[2026-03-25T05:52:38.794Z] GET http://localhost:5173/node_modules/.vite/deps/chunk-BoAXSpZd.js?v=4499d2cb → 200 (?ms, 7521B)
[2026-03-25T05:52:38.795Z] GET http://localhost:5173/node_modules/.vite/deps/client-DNi2f_-5.js?v=4499d2cb → 200 (?ms, 821150B)
[2026-03-25T05:52:38.796Z] GET http://localhost:5173/node_modules/.vite/deps/react_jsx-runtime.js?v=4499d2cb → 200 (?ms, 10947B)
[2026-03-25T05:52:38.796Z] GET http://localhost:5173/node_modules/.vite/deps/react-dom.js?v=4499d2cb → 200 (?ms, 14728B)
[2026-03-25T05:52:38.951Z] GET http://localhost:5173/node_modules/.vite/deps/zustand.js?v=4499d2cb → 200 (1ms, 2149B)
[2026-03-25T05:52:38.954Z] GET http://localhost:5173/node_modules/.vite/deps/react-router-dom.js?v=4499d2cb → 200 (1ms, 390895B)
[2026-03-25T05:52:38.955Z] GET http://localhost:5173/src/layouts/AppLayout.tsx → 200 (4ms, 11725B)
[2026-03-25T05:52:38.960Z] GET http://localhost:5173/node_modules/.vite/deps/@ant-design_icons.js?v=4499d2cb → 200 (?ms, 2427008B)
[2026-03-25T05:52:38.960Z] GET http://localhost:5173/src/layouts/AppLayout.module.css → 200 (3ms, 4580B)
[2026-03-25T05:52:38.960Z] GET http://localhost:5173/node_modules/.vite/deps/ref-onVvw9YY.js?v=4499d2cb → 200 (?ms, 162905B)
[2026-03-25T05:52:39.345Z] GET http://localhost:5173/src/pages/Documents/index.tsx → 200 (8ms, 37278B)
[2026-03-25T05:52:39.352Z] GET https://fonts.gstatic.com/s/outfit/v15/QGYvz_MVcBeNP4NJtEtq.woff2 → 200 (2ms, 32292B)
[2026-03-25T05:52:39.362Z] GET http://localhost:5173/src/hooks/index.ts → 200 (?ms, 1299B)
[2026-03-25T05:52:39.362Z] GET http://localhost:5173/src/pages/Documents/Documents.module.css → 200 (2ms, 7771B)
[2026-03-25T05:52:39.365Z] GET http://localhost:5173/src/hooks/useDocuments.ts → 200 (2ms, 4294B)
[2026-03-25T05:52:39.365Z] GET http://localhost:5173/src/hooks/useSessions.ts → 200 (2ms, 4195B)
[2026-03-25T05:52:39.365Z] GET http://localhost:5173/src/hooks/useProviders.ts → 200 (3ms, 6986B)
[2026-03-25T05:52:39.368Z] GET http://localhost:5173/src/services/index.ts → 200 (2ms, 1237B)
[2026-03-25T05:52:39.370Z] GET http://localhost:5173/src/services/documents.ts → 200 (3ms, 2561B)
[2026-03-25T05:52:39.371Z] GET http://localhost:5173/src/services/chat.ts → 200 (1ms, 4613B)
[2026-03-25T05:52:39.371Z] GET http://localhost:5173/src/services/providers.ts → 200 (3ms, 3803B)
[2026-03-25T05:52:39.375Z] GET http://localhost:5173/src/services/api.ts → 200 (1ms, 8746B)
[2026-03-25T05:52:39.376Z] GET http://localhost:5173/node_modules/.vite/deps/axios.js?v=4499d2cb → 200 (?ms, 97054B)
[2026-03-25T05:52:39.656Z] GET http://localhost:5173/api/documents?keyword=&page=1&page_size=20 → 200 (14ms, ?B)
[2026-03-25T05:52:39.810Z] GET https://fonts.gstatic.com/s/jetbrainsmono/v24/tDbv2o-flEEny0FZhsfKu5WU4zr3E_BX0PnT8RD8yKwBNntkaToggR7BYRbKPxDcwg.woff2 → 200 (?ms, 31432B)
